<?xml version="1.0" encoding="UTF-8"?>
<testng-results ignored="0" total="7" passed="5" failed="2" skipped="0">
  <reporter-output>
  </reporter-output>
  <suite started-at="2022-11-04T19:18:29 IST" name="Suite" finished-at="2022-11-04T19:20:02 IST" duration-ms="92683">
    <groups>
      <group name="login">
        <method signature="LoginPageTestClass.verifySuccessfullLogin()[pri:1, instance:ExecuteClasses.LoginPageTestClass@323b36e0]" name="verifySuccessfullLogin" class="ExecuteClasses.LoginPageTestClass"/>
      </group> <!-- login -->
      <group name="login2">
        <method signature="LoginPageTestClass.verifyUnsuccessfullLogin(java.lang.String,java.lang.String)[pri:2, instance:ExecuteClasses.LoginPageTestClass@323b36e0]" name="verifyUnsuccessfullLogin" class="ExecuteClasses.LoginPageTestClass"/>
      </group> <!-- login2 -->
      <group name="group2">
        <method signature="HomePageTestClass.verifyTheLogoutButtonIsWorksFineOrNot()[pri:3, instance:ExecuteClasses.HomePageTestClass@20deea7f]" name="verifyTheLogoutButtonIsWorksFineOrNot" class="ExecuteClasses.HomePageTestClass"/>
      </group> <!-- group2 -->
      <group name="group1">
        <method signature="HomePageTestClass.verifyTheD4StoreIsDisplayedOrNot()[pri:2, instance:ExecuteClasses.HomePageTestClass@20deea7f]" name="verifyTheD4StoreIsDisplayedOrNot" class="ExecuteClasses.HomePageTestClass"/>
        <method signature="HomePageTestClass.verifyTheProductTabIsDisplayedOrNot()[pri:1, instance:ExecuteClasses.HomePageTestClass@20deea7f]" name="verifyTheProductTabIsDisplayedOrNot" class="ExecuteClasses.HomePageTestClass"/>
        <method signature="LoginPageTestClass.VerifyTheLogoIsDisplayedOrNot()[pri:3, instance:ExecuteClasses.LoginPageTestClass@323b36e0]" name="VerifyTheLogoIsDisplayedOrNot" class="ExecuteClasses.LoginPageTestClass"/>
      </group> <!-- group1 -->
    </groups>
    <test started-at="2022-11-04T19:18:29 IST" name="Test" finished-at="2022-11-04T19:20:02 IST" duration-ms="92683">
      <class name="ExecuteClasses.HomePageTestClass">
        <test-method is-config="true" signature="beforeMethod(java.lang.String)[pri:0, instance:ExecuteClasses.HomePageTestClass@20deea7f]" started-at="2022-11-04T19:18:29 IST" name="beforeMethod" finished-at="2022-11-04T19:18:34 IST" duration-ms="5434" status="PASS">
          <params>
            <param index="0">
              <value>
                <![CDATA[chrome]]>
              </value>
            </param>
          </params>
          <reporter-output>
          </reporter-output>
        </test-method> <!-- beforeMethod -->
        <test-method signature="verifyTheProductTabIsDisplayedOrNot()[pri:1, instance:ExecuteClasses.HomePageTestClass@20deea7f]" started-at="2022-11-04T19:18:34 IST" name="verifyTheProductTabIsDisplayedOrNot" finished-at="2022-11-04T19:18:41 IST" duration-ms="6868" status="PASS">
          <reporter-output>
          </reporter-output>
        </test-method> <!-- verifyTheProductTabIsDisplayedOrNot -->
        <test-method is-config="true" signature="afterMethod(org.testng.ITestResult)[pri:0, instance:ExecuteClasses.HomePageTestClass@20deea7f]" started-at="2022-11-04T19:18:41 IST" name="afterMethod" finished-at="2022-11-04T19:18:41 IST" duration-ms="147" status="PASS">
          <params>
            <param index="0">
              <value>
                <![CDATA[[TestResult name=verifyTheProductTabIsDisplayedOrNot status=SUCCESS method=HomePageTestClass.verifyTheProductTabIsDisplayedOrNot()[pri:1, instance:ExecuteClasses.HomePageTestClass@20deea7f] output={null}]]]>
              </value>
            </param>
          </params>
          <reporter-output>
          </reporter-output>
        </test-method> <!-- afterMethod -->
        <test-method is-config="true" signature="beforeMethod(java.lang.String)[pri:0, instance:ExecuteClasses.HomePageTestClass@20deea7f]" started-at="2022-11-04T19:18:41 IST" name="beforeMethod" finished-at="2022-11-04T19:18:46 IST" duration-ms="5009" status="PASS">
          <params>
            <param index="0">
              <value>
                <![CDATA[chrome]]>
              </value>
            </param>
          </params>
          <reporter-output>
          </reporter-output>
        </test-method> <!-- beforeMethod -->
        <test-method signature="verifyTheD4StoreIsDisplayedOrNot()[pri:2, instance:ExecuteClasses.HomePageTestClass@20deea7f]" started-at="2022-11-04T19:18:46 IST" name="verifyTheD4StoreIsDisplayedOrNot" finished-at="2022-11-04T19:18:54 IST" duration-ms="7204" status="PASS">
          <reporter-output>
          </reporter-output>
        </test-method> <!-- verifyTheD4StoreIsDisplayedOrNot -->
        <test-method is-config="true" signature="afterMethod(org.testng.ITestResult)[pri:0, instance:ExecuteClasses.HomePageTestClass@20deea7f]" started-at="2022-11-04T19:18:54 IST" name="afterMethod" finished-at="2022-11-04T19:18:54 IST" duration-ms="93" status="PASS">
          <params>
            <param index="0">
              <value>
                <![CDATA[[TestResult name=verifyTheD4StoreIsDisplayedOrNot status=SUCCESS method=HomePageTestClass.verifyTheD4StoreIsDisplayedOrNot()[pri:2, instance:ExecuteClasses.HomePageTestClass@20deea7f] output={null}]]]>
              </value>
            </param>
          </params>
          <reporter-output>
          </reporter-output>
        </test-method> <!-- afterMethod -->
        <test-method is-config="true" signature="beforeMethod(java.lang.String)[pri:0, instance:ExecuteClasses.HomePageTestClass@20deea7f]" started-at="2022-11-04T19:18:54 IST" name="beforeMethod" finished-at="2022-11-04T19:18:58 IST" duration-ms="4448" status="PASS">
          <params>
            <param index="0">
              <value>
                <![CDATA[chrome]]>
              </value>
            </param>
          </params>
          <reporter-output>
          </reporter-output>
        </test-method> <!-- beforeMethod -->
        <test-method signature="verifyTheLogoutButtonIsWorksFineOrNot()[pri:3, instance:ExecuteClasses.HomePageTestClass@20deea7f]" started-at="2022-11-04T19:18:58 IST" name="verifyTheLogoutButtonIsWorksFineOrNot" finished-at="2022-11-04T19:19:02 IST" duration-ms="3426" status="PASS">
          <reporter-output>
          </reporter-output>
        </test-method> <!-- verifyTheLogoutButtonIsWorksFineOrNot -->
        <test-method is-config="true" signature="afterMethod(org.testng.ITestResult)[pri:0, instance:ExecuteClasses.HomePageTestClass@20deea7f]" started-at="2022-11-04T19:19:02 IST" name="afterMethod" finished-at="2022-11-04T19:19:02 IST" duration-ms="145" status="PASS">
          <params>
            <param index="0">
              <value>
                <![CDATA[[TestResult name=verifyTheLogoutButtonIsWorksFineOrNot status=SUCCESS method=HomePageTestClass.verifyTheLogoutButtonIsWorksFineOrNot()[pri:3, instance:ExecuteClasses.HomePageTestClass@20deea7f] output={null}]]]>
              </value>
            </param>
          </params>
          <reporter-output>
          </reporter-output>
        </test-method> <!-- afterMethod -->
      </class> <!-- ExecuteClasses.HomePageTestClass -->
      <class name="ExecuteClasses.LoginPageTestClass">
        <test-method is-config="true" signature="beforeMethod(java.lang.String)[pri:0, instance:ExecuteClasses.LoginPageTestClass@323b36e0]" started-at="2022-11-04T19:19:02 IST" name="beforeMethod" finished-at="2022-11-04T19:19:08 IST" duration-ms="5803" status="PASS">
          <params>
            <param index="0">
              <value>
                <![CDATA[chrome]]>
              </value>
            </param>
          </params>
          <reporter-output>
          </reporter-output>
        </test-method> <!-- beforeMethod -->
        <test-method signature="verifySuccessfullLogin()[pri:1, instance:ExecuteClasses.LoginPageTestClass@323b36e0]" started-at="2022-11-04T19:19:08 IST" name="verifySuccessfullLogin" finished-at="2022-11-04T19:19:18 IST" duration-ms="10717" status="PASS">
          <reporter-output>
          </reporter-output>
        </test-method> <!-- verifySuccessfullLogin -->
        <test-method is-config="true" signature="afterMethod(org.testng.ITestResult)[pri:0, instance:ExecuteClasses.LoginPageTestClass@323b36e0]" started-at="2022-11-04T19:19:18 IST" name="afterMethod" finished-at="2022-11-04T19:19:18 IST" duration-ms="144" status="PASS">
          <params>
            <param index="0">
              <value>
                <![CDATA[[TestResult name=verifySuccessfullLogin status=SUCCESS method=LoginPageTestClass.verifySuccessfullLogin()[pri:1, instance:ExecuteClasses.LoginPageTestClass@323b36e0] output={null}]]]>
              </value>
            </param>
          </params>
          <reporter-output>
          </reporter-output>
        </test-method> <!-- afterMethod -->
        <test-method is-config="true" signature="beforeMethod(java.lang.String)[pri:0, instance:ExecuteClasses.LoginPageTestClass@323b36e0]" started-at="2022-11-04T19:19:18 IST" name="beforeMethod" finished-at="2022-11-04T19:19:23 IST" duration-ms="4109" status="PASS">
          <params>
            <param index="0">
              <value>
                <![CDATA[chrome]]>
              </value>
            </param>
          </params>
          <reporter-output>
          </reporter-output>
        </test-method> <!-- beforeMethod -->
        <test-method signature="verifyUnsuccessfullLogin(java.lang.String,java.lang.String)[pri:2, instance:ExecuteClasses.LoginPageTestClass@323b36e0]" started-at="2022-11-04T19:19:23 IST" name="verifyUnsuccessfullLogin" data-provider="Search Provider" finished-at="2022-11-04T19:19:28 IST" duration-ms="5563" status="FAIL">
          <params>
            <param index="0">
              <value>
                <![CDATA[admin]]>
              </value>
            </param>
            <param index="1">
              <value>
                <![CDATA[1234]]>
              </value>
            </param>
          </params>
          <exception class="org.openqa.selenium.NoSuchElementException">
            <message>
              <![CDATA[no such element: Unable to locate element: {"method":"xpath","selector":"//*[contains(text(),'admin Doe')]"}
  (Session info: chrome=107.0.5304.88)
For documentation on this error, please visit: https://selenium.dev/exceptions/#no_such_element
Build info: version: '4.4.0', revision: 'e5c75ed026a'
System info: host: 'LAPTOP-DES8B8NC', ip: '192.168.1.3', os.name: 'Windows 11', os.arch: 'amd64', os.version: '10.0', java.version: '18.0.1.1'
Driver info: org.openqa.selenium.chrome.ChromeDriver
Command: [d0b6801d1beebd1a051b896e07f819f3, findElement {using=xpath, value=//*[contains(text(),'admin Doe')]}]
Capabilities {acceptInsecureCerts: false, browserName: chrome, browserVersion: 107.0.5304.88, chrome: {chromedriverVersion: 107.0.5304.62 (1eec40d3a576..., userDataDir: C:\Users\GOKUL\AppData\Loca...}, goog:chromeOptions: {debuggerAddress: localhost:65344}, networkConnectionEnabled: false, pageLoadStrategy: normal, platformName: WINDOWS, proxy: Proxy(), se:cdp: ws://localhost:65344/devtoo..., se:cdpVersion: 107.0.5304.88, setWindowRect: true, strictFileInteractability: false, timeouts: {implicit: 0, pageLoad: 300000, script: 30000}, unhandledPromptBehavior: dismiss and notify, webauthn:extension:credBlob: true, webauthn:extension:largeBlob: true, webauthn:virtualAuthenticators: true}
Session ID: d0b6801d1beebd1a051b896e07f819f3]]>
            </message>
            <full-stacktrace>
              <![CDATA[org.openqa.selenium.NoSuchElementException: no such element: Unable to locate element: {"method":"xpath","selector":"//*[contains(text(),'admin Doe')]"}
  (Session info: chrome=107.0.5304.88)
For documentation on this error, please visit: https://selenium.dev/exceptions/#no_such_element
Build info: version: '4.4.0', revision: 'e5c75ed026a'
System info: host: 'LAPTOP-DES8B8NC', ip: '192.168.1.3', os.name: 'Windows 11', os.arch: 'amd64', os.version: '10.0', java.version: '18.0.1.1'
Driver info: org.openqa.selenium.chrome.ChromeDriver
Command: [d0b6801d1beebd1a051b896e07f819f3, findElement {using=xpath, value=//*[contains(text(),'admin Doe')]}]
Capabilities {acceptInsecureCerts: false, browserName: chrome, browserVersion: 107.0.5304.88, chrome: {chromedriverVersion: 107.0.5304.62 (1eec40d3a576..., userDataDir: C:\Users\GOKUL\AppData\Loca...}, goog:chromeOptions: {debuggerAddress: localhost:65344}, networkConnectionEnabled: false, pageLoadStrategy: normal, platformName: WINDOWS, proxy: Proxy(), se:cdp: ws://localhost:65344/devtoo..., se:cdpVersion: 107.0.5304.88, setWindowRect: true, strictFileInteractability: false, timeouts: {implicit: 0, pageLoad: 300000, script: 30000}, unhandledPromptBehavior: dismiss and notify, webauthn:extension:credBlob: true, webauthn:extension:largeBlob: true, webauthn:virtualAuthenticators: true}
Session ID: d0b6801d1beebd1a051b896e07f819f3
at java.base/jdk.internal.reflect.DirectConstructorHandleAccessor.newInstance(DirectConstructorHandleAccessor.java:67)
at java.base/java.lang.reflect.Constructor.newInstanceWithCaller(Constructor.java:499)
at java.base/java.lang.reflect.Constructor.newInstance(Constructor.java:483)
at org.openqa.selenium.remote.codec.w3c.W3CHttpResponseCodec.createException(W3CHttpResponseCodec.java:200)
at org.openqa.selenium.remote.codec.w3c.W3CHttpResponseCodec.decode(W3CHttpResponseCodec.java:133)
at org.openqa.selenium.remote.codec.w3c.W3CHttpResponseCodec.decode(W3CHttpResponseCodec.java:53)
at org.openqa.selenium.remote.HttpCommandExecutor.execute(HttpCommandExecutor.java:184)
at org.openqa.selenium.remote.service.DriverCommandExecutor.invokeExecute(DriverCommandExecutor.java:167)
at org.openqa.selenium.remote.service.DriverCommandExecutor.execute(DriverCommandExecutor.java:142)
at org.openqa.selenium.remote.RemoteWebDriver.execute(RemoteWebDriver.java:547)
at org.openqa.selenium.remote.ElementLocation$ElementFinder$2.findElement(ElementLocation.java:162)
at org.openqa.selenium.remote.ElementLocation.findElement(ElementLocation.java:60)
at org.openqa.selenium.remote.RemoteWebDriver.findElement(RemoteWebDriver.java:365)
at org.openqa.selenium.remote.RemoteWebDriver.findElement(RemoteWebDriver.java:357)
at org.openqa.selenium.support.pagefactory.DefaultElementLocator.findElement(DefaultElementLocator.java:70)
at org.openqa.selenium.support.pagefactory.internal.LocatingElementHandler.invoke(LocatingElementHandler.java:39)
at jdk.proxy2/jdk.proxy2.$Proxy17.isDisplayed(Unknown Source)
at Utilities.GeneralUtility.elementDisplayed(GeneralUtility.java:20)
at ElementRepositary.LoginPage.isAdminVisibled(LoginPage.java:41)
at ExecuteClasses.LoginPageTestClass.verifyUnsuccessfullLogin(LoginPageTestClass.java:33)
at java.base/jdk.internal.reflect.DirectMethodHandleAccessor.invoke(DirectMethodHandleAccessor.java:104)
at java.base/java.lang.reflect.Method.invoke(Method.java:577)
at org.testng.internal.MethodInvocationHelper.invokeMethod(MethodInvocationHelper.java:133)
at org.testng.internal.TestInvoker.invokeMethod(TestInvoker.java:598)
at org.testng.internal.TestInvoker.invokeTestMethod(TestInvoker.java:173)
at org.testng.internal.MethodRunner.runInSequence(MethodRunner.java:46)
at org.testng.internal.TestInvoker$MethodInvocationAgent.invoke(TestInvoker.java:824)
at org.testng.internal.TestInvoker.invokeTestMethods(TestInvoker.java:146)
at org.testng.internal.TestMethodWorker.invokeTestMethods(TestMethodWorker.java:146)
at org.testng.internal.TestMethodWorker.run(TestMethodWorker.java:128)
at java.base/java.util.ArrayList.forEach(ArrayList.java:1511)
at org.testng.TestRunner.privateRun(TestRunner.java:794)
at org.testng.TestRunner.run(TestRunner.java:596)
at org.testng.SuiteRunner.runTest(SuiteRunner.java:377)
at org.testng.SuiteRunner.runSequentially(SuiteRunner.java:371)
at org.testng.SuiteRunner.privateRun(SuiteRunner.java:332)
at org.testng.SuiteRunner.run(SuiteRunner.java:276)
at org.testng.SuiteRunnerWorker.runSuite(SuiteRunnerWorker.java:53)
at org.testng.SuiteRunnerWorker.run(SuiteRunnerWorker.java:96)
at org.testng.TestNG.runSuitesSequentially(TestNG.java:1212)
at org.testng.TestNG.runSuitesLocally(TestNG.java:1134)
at org.testng.TestNG.runSuites(TestNG.java:1063)
at org.testng.TestNG.run(TestNG.java:1031)
at org.testng.remote.AbstractRemoteTestNG.run(AbstractRemoteTestNG.java:115)
at org.testng.remote.RemoteTestNG.initAndRun(RemoteTestNG.java:251)
at org.testng.remote.RemoteTestNG.main(RemoteTestNG.java:77)
]]>
            </full-stacktrace>
          </exception> <!-- org.openqa.selenium.NoSuchElementException -->
          <reporter-output>
          </reporter-output>
        </test-method> <!-- verifyUnsuccessfullLogin -->
        <test-method is-config="true" signature="afterMethod(org.testng.ITestResult)[pri:0, instance:ExecuteClasses.LoginPageTestClass@323b36e0]" started-at="2022-11-04T19:19:28 IST" name="afterMethod" finished-at="2022-11-04T19:19:45 IST" duration-ms="17190" status="PASS">
          <params>
            <param index="0">
              <value>
                <![CDATA[[TestResult name=verifyUnsuccessfullLogin status=FAILURE method=LoginPageTestClass.verifyUnsuccessfullLogin(java.lang.String,java.lang.String)[pri:2, instance:ExecuteClasses.LoginPageTestClass@323b36e0] output={null}]]]>
              </value>
            </param>
          </params>
          <reporter-output>
          </reporter-output>
        </test-method> <!-- afterMethod -->
        <test-method is-config="true" signature="beforeMethod(java.lang.String)[pri:0, instance:ExecuteClasses.LoginPageTestClass@323b36e0]" started-at="2022-11-04T19:19:45 IST" name="beforeMethod" finished-at="2022-11-04T19:19:50 IST" duration-ms="4313" status="PASS">
          <params>
            <param index="0">
              <value>
                <![CDATA[chrome]]>
              </value>
            </param>
          </params>
          <reporter-output>
          </reporter-output>
        </test-method> <!-- beforeMethod -->
        <test-method signature="verifyUnsuccessfullLogin(java.lang.String,java.lang.String)[pri:2, instance:ExecuteClasses.LoginPageTestClass@323b36e0]" started-at="2022-11-04T19:19:50 IST" name="verifyUnsuccessfullLogin" data-provider="Search Provider" finished-at="2022-11-04T19:19:55 IST" duration-ms="5553" status="FAIL">
          <params>
            <param index="0">
              <value>
                <![CDATA[admin1]]>
              </value>
            </param>
            <param index="1">
              <value>
                <![CDATA[password]]>
              </value>
            </param>
          </params>
          <exception class="org.openqa.selenium.NoSuchElementException">
            <message>
              <![CDATA[no such element: Unable to locate element: {"method":"xpath","selector":"//*[contains(text(),'admin Doe')]"}
  (Session info: chrome=107.0.5304.88)
For documentation on this error, please visit: https://selenium.dev/exceptions/#no_such_element
Build info: version: '4.4.0', revision: 'e5c75ed026a'
System info: host: 'LAPTOP-DES8B8NC', ip: '192.168.1.3', os.name: 'Windows 11', os.arch: 'amd64', os.version: '10.0', java.version: '18.0.1.1'
Driver info: org.openqa.selenium.chrome.ChromeDriver
Command: [9e295c5ed88045a87225fc5a317c36a5, findElement {using=xpath, value=//*[contains(text(),'admin Doe')]}]
Capabilities {acceptInsecureCerts: false, browserName: chrome, browserVersion: 107.0.5304.88, chrome: {chromedriverVersion: 107.0.5304.62 (1eec40d3a576..., userDataDir: C:\Users\GOKUL\AppData\Loca...}, goog:chromeOptions: {debuggerAddress: localhost:65386}, networkConnectionEnabled: false, pageLoadStrategy: normal, platformName: WINDOWS, proxy: Proxy(), se:cdp: ws://localhost:65386/devtoo..., se:cdpVersion: 107.0.5304.88, setWindowRect: true, strictFileInteractability: false, timeouts: {implicit: 0, pageLoad: 300000, script: 30000}, unhandledPromptBehavior: dismiss and notify, webauthn:extension:credBlob: true, webauthn:extension:largeBlob: true, webauthn:virtualAuthenticators: true}
Session ID: 9e295c5ed88045a87225fc5a317c36a5]]>
            </message>
            <full-stacktrace>
              <![CDATA[org.openqa.selenium.NoSuchElementException: no such element: Unable to locate element: {"method":"xpath","selector":"//*[contains(text(),'admin Doe')]"}
  (Session info: chrome=107.0.5304.88)
For documentation on this error, please visit: https://selenium.dev/exceptions/#no_such_element
Build info: version: '4.4.0', revision: 'e5c75ed026a'
System info: host: 'LAPTOP-DES8B8NC', ip: '192.168.1.3', os.name: 'Windows 11', os.arch: 'amd64', os.version: '10.0', java.version: '18.0.1.1'
Driver info: org.openqa.selenium.chrome.ChromeDriver
Command: [9e295c5ed88045a87225fc5a317c36a5, findElement {using=xpath, value=//*[contains(text(),'admin Doe')]}]
Capabilities {acceptInsecureCerts: false, browserName: chrome, browserVersion: 107.0.5304.88, chrome: {chromedriverVersion: 107.0.5304.62 (1eec40d3a576..., userDataDir: C:\Users\GOKUL\AppData\Loca...}, goog:chromeOptions: {debuggerAddress: localhost:65386}, networkConnectionEnabled: false, pageLoadStrategy: normal, platformName: WINDOWS, proxy: Proxy(), se:cdp: ws://localhost:65386/devtoo..., se:cdpVersion: 107.0.5304.88, setWindowRect: true, strictFileInteractability: false, timeouts: {implicit: 0, pageLoad: 300000, script: 30000}, unhandledPromptBehavior: dismiss and notify, webauthn:extension:credBlob: true, webauthn:extension:largeBlob: true, webauthn:virtualAuthenticators: true}
Session ID: 9e295c5ed88045a87225fc5a317c36a5
at java.base/jdk.internal.reflect.DirectConstructorHandleAccessor.newInstance(DirectConstructorHandleAccessor.java:67)
at java.base/java.lang.reflect.Constructor.newInstanceWithCaller(Constructor.java:499)
at java.base/java.lang.reflect.Constructor.newInstance(Constructor.java:483)
at org.openqa.selenium.remote.codec.w3c.W3CHttpResponseCodec.createException(W3CHttpResponseCodec.java:200)
at org.openqa.selenium.remote.codec.w3c.W3CHttpResponseCodec.decode(W3CHttpResponseCodec.java:133)
at org.openqa.selenium.remote.codec.w3c.W3CHttpResponseCodec.decode(W3CHttpResponseCodec.java:53)
at org.openqa.selenium.remote.HttpCommandExecutor.execute(HttpCommandExecutor.java:184)
at org.openqa.selenium.remote.service.DriverCommandExecutor.invokeExecute(DriverCommandExecutor.java:167)
at org.openqa.selenium.remote.service.DriverCommandExecutor.execute(DriverCommandExecutor.java:142)
at org.openqa.selenium.remote.RemoteWebDriver.execute(RemoteWebDriver.java:547)
at org.openqa.selenium.remote.ElementLocation$ElementFinder$2.findElement(ElementLocation.java:162)
at org.openqa.selenium.remote.ElementLocation.findElement(ElementLocation.java:60)
at org.openqa.selenium.remote.RemoteWebDriver.findElement(RemoteWebDriver.java:365)
at org.openqa.selenium.remote.RemoteWebDriver.findElement(RemoteWebDriver.java:357)
at org.openqa.selenium.support.pagefactory.DefaultElementLocator.findElement(DefaultElementLocator.java:70)
at org.openqa.selenium.support.pagefactory.internal.LocatingElementHandler.invoke(LocatingElementHandler.java:39)
at jdk.proxy2/jdk.proxy2.$Proxy17.isDisplayed(Unknown Source)
at Utilities.GeneralUtility.elementDisplayed(GeneralUtility.java:20)
at ElementRepositary.LoginPage.isAdminVisibled(LoginPage.java:41)
at ExecuteClasses.LoginPageTestClass.verifyUnsuccessfullLogin(LoginPageTestClass.java:33)
at java.base/jdk.internal.reflect.DirectMethodHandleAccessor.invoke(DirectMethodHandleAccessor.java:104)
at java.base/java.lang.reflect.Method.invoke(Method.java:577)
at org.testng.internal.MethodInvocationHelper.invokeMethod(MethodInvocationHelper.java:133)
at org.testng.internal.TestInvoker.invokeMethod(TestInvoker.java:598)
at org.testng.internal.TestInvoker.invokeTestMethod(TestInvoker.java:173)
at org.testng.internal.MethodRunner.runInSequence(MethodRunner.java:46)
at org.testng.internal.TestInvoker$MethodInvocationAgent.invoke(TestInvoker.java:824)
at org.testng.internal.TestInvoker.invokeTestMethods(TestInvoker.java:146)
at org.testng.internal.TestMethodWorker.invokeTestMethods(TestMethodWorker.java:146)
at org.testng.internal.TestMethodWorker.run(TestMethodWorker.java:128)
at java.base/java.util.ArrayList.forEach(ArrayList.java:1511)
at org.testng.TestRunner.privateRun(TestRunner.java:794)
at org.testng.TestRunner.run(TestRunner.java:596)
at org.testng.SuiteRunner.runTest(SuiteRunner.java:377)
at org.testng.SuiteRunner.runSequentially(SuiteRunner.java:371)
at org.testng.SuiteRunner.privateRun(SuiteRunner.java:332)
at org.testng.SuiteRunner.run(SuiteRunner.java:276)
at org.testng.SuiteRunnerWorker.runSuite(SuiteRunnerWorker.java:53)
at org.testng.SuiteRunnerWorker.run(SuiteRunnerWorker.java:96)
at org.testng.TestNG.runSuitesSequentially(TestNG.java:1212)
at org.testng.TestNG.runSuitesLocally(TestNG.java:1134)
at org.testng.TestNG.runSuites(TestNG.java:1063)
at org.testng.TestNG.run(TestNG.java:1031)
at org.testng.remote.AbstractRemoteTestNG.run(AbstractRemoteTestNG.java:115)
at org.testng.remote.RemoteTestNG.initAndRun(RemoteTestNG.java:251)
at org.testng.remote.RemoteTestNG.main(RemoteTestNG.java:77)
]]>
            </full-stacktrace>
          </exception> <!-- org.openqa.selenium.NoSuchElementException -->
          <reporter-output>
          </reporter-output>
        </test-method> <!-- verifyUnsuccessfullLogin -->
        <test-method is-config="true" signature="afterMethod(org.testng.ITestResult)[pri:0, instance:ExecuteClasses.LoginPageTestClass@323b36e0]" started-at="2022-11-04T19:19:55 IST" name="afterMethod" finished-at="2022-11-04T19:19:56 IST" duration-ms="995" status="PASS">
          <params>
            <param index="0">
              <value>
                <![CDATA[[TestResult name=verifyUnsuccessfullLogin status=FAILURE method=LoginPageTestClass.verifyUnsuccessfullLogin(java.lang.String,java.lang.String)[pri:2, instance:ExecuteClasses.LoginPageTestClass@323b36e0] output={null}]]]>
              </value>
            </param>
          </params>
          <reporter-output>
          </reporter-output>
        </test-method> <!-- afterMethod -->
        <test-method is-config="true" signature="beforeMethod(java.lang.String)[pri:0, instance:ExecuteClasses.LoginPageTestClass@323b36e0]" started-at="2022-11-04T19:19:56 IST" name="beforeMethod" finished-at="2022-11-04T19:20:01 IST" duration-ms="5272" status="PASS">
          <params>
            <param index="0">
              <value>
                <![CDATA[chrome]]>
              </value>
            </param>
          </params>
          <reporter-output>
          </reporter-output>
        </test-method> <!-- beforeMethod -->
        <test-method signature="VerifyTheLogoIsDisplayedOrNot()[pri:3, instance:ExecuteClasses.LoginPageTestClass@323b36e0]" started-at="2022-11-04T19:20:01 IST" name="VerifyTheLogoIsDisplayedOrNot" finished-at="2022-11-04T19:20:01 IST" duration-ms="51" status="PASS">
          <reporter-output>
          </reporter-output>
        </test-method> <!-- VerifyTheLogoIsDisplayedOrNot -->
        <test-method is-config="true" signature="afterMethod(org.testng.ITestResult)[pri:0, instance:ExecuteClasses.LoginPageTestClass@323b36e0]" started-at="2022-11-04T19:20:01 IST" name="afterMethod" finished-at="2022-11-04T19:20:02 IST" duration-ms="129" status="PASS">
          <params>
            <param index="0">
              <value>
                <![CDATA[[TestResult name=VerifyTheLogoIsDisplayedOrNot status=SUCCESS method=LoginPageTestClass.VerifyTheLogoIsDisplayedOrNot()[pri:3, instance:ExecuteClasses.LoginPageTestClass@323b36e0] output={null}]]]>
              </value>
            </param>
          </params>
          <reporter-output>
          </reporter-output>
        </test-method> <!-- afterMethod -->
      </class> <!-- ExecuteClasses.LoginPageTestClass -->
    </test> <!-- Test -->
  </suite> <!-- Suite -->
</testng-results>
