<?xml version="1.0" encoding="UTF-8"?>
<!-- Generated by org.testng.reporters.JUnitXMLReporter -->
<testsuite ignored="0" hostname="LAPTOP-DES8B8NC" failures="0" tests="21" name="Edge Browser Test" time="0.174" errors="0" timestamp="2022-11-04T18:58:37 IST">
  <testcase classname="ExecuteClasses.BaseClass" name="@BeforeMethod beforeMethod" time="0.038">
    <failure type="java.lang.IllegalStateException" message="The path to the driver executable The path to the driver executable must be set by the webdriver.gecko.driver system property; for more information, see https://github.com/mozilla/geckodriver. The latest version can be downloaded from https://github.com/mozilla/geckodriver/releases">
      <![CDATA[java.lang.IllegalStateException: The path to the driver executable The path to the driver executable must be set by the webdriver.gecko.driver system property; for more information, see https://github.com/mozilla/geckodriver. The latest version can be downloaded from https://github.com/mozilla/geckodriver/releases
at org.openqa.selenium.internal.Require$StateChecker.nonNull(Require.java:311)
at org.openqa.selenium.remote.service.DriverService.findExecutable(DriverService.java:135)
at org.openqa.selenium.firefox.GeckoDriverService.access$100(GeckoDriverService.java:45)
at org.openqa.selenium.firefox.GeckoDriverService$Builder.findDefaultExecutable(GeckoDriverService.java:181)
at org.openqa.selenium.remote.service.DriverService$Builder.build(DriverService.java:437)
at org.openqa.selenium.firefox.GeckoDriverService.createDefaultService(GeckoDriverService.java:94)
at org.openqa.selenium.firefox.FirefoxDriver.<init>(FirefoxDriver.java:98)
at org.openqa.selenium.firefox.FirefoxDriver.<init>(FirefoxDriver.java:94)
at ExecuteClasses.BaseClass.beforeMethod(BaseClass.java:48)
at java.base/java.util.ArrayList.forEach(ArrayList.java:1511)
at java.base/java.util.concurrent.FutureTask.run(FutureTask.java:264)
at java.base/java.util.concurrent.ThreadPoolExecutor.runWorker(ThreadPoolExecutor.java:1136)
at java.base/java.util.concurrent.ThreadPoolExecutor$Worker.run(ThreadPoolExecutor.java:635)
at java.base/java.lang.Thread.run(Thread.java:833)
... Removed 20 stack frames]]>
    </failure>
  </testcase> <!-- @BeforeMethod beforeMethod -->
  <testcase classname="ExecuteClasses.BaseClass" name="@AfterMethod afterMethod" time="-1.667568517283E9">
    <skipped/>
  </testcase> <!-- @AfterMethod afterMethod -->
  <testcase classname="ExecuteClasses.BaseClass" name="@BeforeMethod beforeMethod" time="-1.667568517284E9">
    <skipped/>
  </testcase> <!-- @BeforeMethod beforeMethod -->
  <testcase classname="ExecuteClasses.BaseClass" name="@AfterMethod afterMethod" time="-1.667568517287E9">
    <skipped/>
  </testcase> <!-- @AfterMethod afterMethod -->
  <testcase classname="ExecuteClasses.BaseClass" name="@BeforeMethod beforeMethod" time="-1.667568517293E9">
    <skipped/>
  </testcase> <!-- @BeforeMethod beforeMethod -->
  <testcase classname="ExecuteClasses.BaseClass" name="@AfterMethod afterMethod" time="-1.667568517295E9">
    <skipped/>
  </testcase> <!-- @AfterMethod afterMethod -->
  <testcase classname="ExecuteClasses.BaseClass" name="@BeforeMethod beforeMethod" time="-1.667568517297E9">
    <skipped/>
  </testcase> <!-- @BeforeMethod beforeMethod -->
  <testcase classname="ExecuteClasses.BaseClass" name="@AfterMethod afterMethod" time="-1.6675685173E9">
    <skipped/>
  </testcase> <!-- @AfterMethod afterMethod -->
  <testcase classname="ExecuteClasses.BaseClass" name="@BeforeMethod beforeMethod" time="0.003">
    <failure type="java.lang.IllegalStateException" message="The path to the driver executable The path to the driver executable must be set by the webdriver.gecko.driver system property; for more information, see https://github.com/mozilla/geckodriver. The latest version can be downloaded from https://github.com/mozilla/geckodriver/releases">
      <![CDATA[java.lang.IllegalStateException: The path to the driver executable The path to the driver executable must be set by the webdriver.gecko.driver system property; for more information, see https://github.com/mozilla/geckodriver. The latest version can be downloaded from https://github.com/mozilla/geckodriver/releases
at org.openqa.selenium.internal.Require$StateChecker.nonNull(Require.java:311)
at org.openqa.selenium.remote.service.DriverService.findExecutable(DriverService.java:135)
at org.openqa.selenium.firefox.GeckoDriverService.access$100(GeckoDriverService.java:45)
at org.openqa.selenium.firefox.GeckoDriverService$Builder.findDefaultExecutable(GeckoDriverService.java:181)
at org.openqa.selenium.remote.service.DriverService$Builder.build(DriverService.java:437)
at org.openqa.selenium.firefox.GeckoDriverService.createDefaultService(GeckoDriverService.java:94)
at org.openqa.selenium.firefox.FirefoxDriver.<init>(FirefoxDriver.java:98)
at org.openqa.selenium.firefox.FirefoxDriver.<init>(FirefoxDriver.java:94)
at ExecuteClasses.BaseClass.beforeMethod(BaseClass.java:48)
at java.base/java.util.ArrayList.forEach(ArrayList.java:1511)
at java.base/java.util.concurrent.FutureTask.run(FutureTask.java:264)
at java.base/java.util.concurrent.ThreadPoolExecutor.runWorker(ThreadPoolExecutor.java:1136)
at java.base/java.util.concurrent.ThreadPoolExecutor$Worker.run(ThreadPoolExecutor.java:635)
at java.base/java.lang.Thread.run(Thread.java:833)
... Removed 20 stack frames]]>
    </failure>
  </testcase> <!-- @BeforeMethod beforeMethod -->
  <testcase classname="ExecuteClasses.BaseClass" name="@AfterMethod afterMethod" time="-1.667568517308E9">
    <skipped/>
  </testcase> <!-- @AfterMethod afterMethod -->
  <testcase classname="ExecuteClasses.BaseClass" name="@BeforeMethod beforeMethod" time="-1.667568517308E9">
    <skipped/>
  </testcase> <!-- @BeforeMethod beforeMethod -->
  <testcase classname="ExecuteClasses.BaseClass" name="@AfterMethod afterMethod" time="-1.66756851731E9">
    <skipped/>
  </testcase> <!-- @AfterMethod afterMethod -->
  <testcase classname="ExecuteClasses.BaseClass" name="@BeforeMethod beforeMethod" time="-1.667568517311E9">
    <skipped/>
  </testcase> <!-- @BeforeMethod beforeMethod -->
  <testcase classname="ExecuteClasses.BaseClass" name="@AfterMethod afterMethod" time="-1.667568517314E9">
    <skipped/>
  </testcase> <!-- @AfterMethod afterMethod -->
  <testcase classname="ExecuteClasses.BaseClass" name="@BeforeMethod beforeMethod" time="0.005">
    <failure type="java.lang.IllegalStateException" message="The path to the driver executable The path to the driver executable must be set by the webdriver.gecko.driver system property; for more information, see https://github.com/mozilla/geckodriver. The latest version can be downloaded from https://github.com/mozilla/geckodriver/releases">
      <![CDATA[java.lang.IllegalStateException: The path to the driver executable The path to the driver executable must be set by the webdriver.gecko.driver system property; for more information, see https://github.com/mozilla/geckodriver. The latest version can be downloaded from https://github.com/mozilla/geckodriver/releases
at org.openqa.selenium.internal.Require$StateChecker.nonNull(Require.java:311)
at org.openqa.selenium.remote.service.DriverService.findExecutable(DriverService.java:135)
at org.openqa.selenium.firefox.GeckoDriverService.access$100(GeckoDriverService.java:45)
at org.openqa.selenium.firefox.GeckoDriverService$Builder.findDefaultExecutable(GeckoDriverService.java:181)
at org.openqa.selenium.remote.service.DriverService$Builder.build(DriverService.java:437)
at org.openqa.selenium.firefox.GeckoDriverService.createDefaultService(GeckoDriverService.java:94)
at org.openqa.selenium.firefox.FirefoxDriver.<init>(FirefoxDriver.java:98)
at org.openqa.selenium.firefox.FirefoxDriver.<init>(FirefoxDriver.java:94)
at ExecuteClasses.BaseClass.beforeMethod(BaseClass.java:48)
at java.base/java.util.ArrayList.forEach(ArrayList.java:1511)
at java.base/java.util.concurrent.FutureTask.run(FutureTask.java:264)
at java.base/java.util.concurrent.ThreadPoolExecutor.runWorker(ThreadPoolExecutor.java:1136)
at java.base/java.util.concurrent.ThreadPoolExecutor$Worker.run(ThreadPoolExecutor.java:635)
at java.base/java.lang.Thread.run(Thread.java:833)
... Removed 20 stack frames]]>
    </failure>
  </testcase> <!-- @BeforeMethod beforeMethod -->
  <testcase classname="ExecuteClasses.BaseClass" name="@AfterMethod afterMethod" time="-1.667568517322E9">
    <skipped/>
  </testcase> <!-- @AfterMethod afterMethod -->
  <testcase classname="ExecuteClasses.BaseClass" name="@BeforeMethod beforeMethod" time="-1.667568517323E9">
    <skipped/>
  </testcase> <!-- @BeforeMethod beforeMethod -->
  <testcase classname="ExecuteClasses.BaseClass" name="@AfterMethod afterMethod" time="-1.667568517324E9">
    <skipped/>
  </testcase> <!-- @AfterMethod afterMethod -->
  <testcase classname="ExecuteClasses.BaseClass" name="@BeforeMethod beforeMethod" time="-1.667568517325E9">
    <skipped/>
  </testcase> <!-- @BeforeMethod beforeMethod -->
  <testcase classname="ExecuteClasses.BaseClass" name="@AfterMethod afterMethod" time="-1.667568517327E9">
    <skipped/>
  </testcase> <!-- @AfterMethod afterMethod -->
  <testcase classname="ExecuteClasses.BaseClass" name="@BeforeMethod beforeMethod" time="-1.667568517328E9">
    <skipped/>
  </testcase> <!-- @BeforeMethod beforeMethod -->
  <testcase classname="ExecuteClasses.BaseClass" name="@AfterMethod afterMethod" time="-1.66756851733E9">
    <skipped/>
  </testcase> <!-- @AfterMethod afterMethod -->
  <testcase classname="ExecuteClasses.BaseClass" name="@BeforeMethod beforeMethod" time="-1.667568517331E9">
    <skipped/>
  </testcase> <!-- @BeforeMethod beforeMethod -->
  <testcase classname="ExecuteClasses.BaseClass" name="@AfterMethod afterMethod" time="-1.667568517333E9">
    <skipped/>
  </testcase> <!-- @AfterMethod afterMethod -->
  <testcase classname="ExecuteClasses.BaseClass" name="@BeforeMethod beforeMethod" time="0.004">
    <failure type="java.lang.IllegalStateException" message="The path to the driver executable The path to the driver executable must be set by the webdriver.gecko.driver system property; for more information, see https://github.com/mozilla/geckodriver. The latest version can be downloaded from https://github.com/mozilla/geckodriver/releases">
      <![CDATA[java.lang.IllegalStateException: The path to the driver executable The path to the driver executable must be set by the webdriver.gecko.driver system property; for more information, see https://github.com/mozilla/geckodriver. The latest version can be downloaded from https://github.com/mozilla/geckodriver/releases
at org.openqa.selenium.internal.Require$StateChecker.nonNull(Require.java:311)
at org.openqa.selenium.remote.service.DriverService.findExecutable(DriverService.java:135)
at org.openqa.selenium.firefox.GeckoDriverService.access$100(GeckoDriverService.java:45)
at org.openqa.selenium.firefox.GeckoDriverService$Builder.findDefaultExecutable(GeckoDriverService.java:181)
at org.openqa.selenium.remote.service.DriverService$Builder.build(DriverService.java:437)
at org.openqa.selenium.firefox.GeckoDriverService.createDefaultService(GeckoDriverService.java:94)
at org.openqa.selenium.firefox.FirefoxDriver.<init>(FirefoxDriver.java:98)
at org.openqa.selenium.firefox.FirefoxDriver.<init>(FirefoxDriver.java:94)
at ExecuteClasses.BaseClass.beforeMethod(BaseClass.java:48)
at java.base/java.util.ArrayList.forEach(ArrayList.java:1511)
at java.base/java.util.concurrent.FutureTask.run(FutureTask.java:264)
at java.base/java.util.concurrent.ThreadPoolExecutor.runWorker(ThreadPoolExecutor.java:1136)
at java.base/java.util.concurrent.ThreadPoolExecutor$Worker.run(ThreadPoolExecutor.java:635)
at java.base/java.lang.Thread.run(Thread.java:833)
... Removed 20 stack frames]]>
    </failure>
  </testcase> <!-- @BeforeMethod beforeMethod -->
  <testcase classname="ExecuteClasses.BaseClass" name="@AfterMethod afterMethod" time="-1.66756851734E9">
    <skipped/>
  </testcase> <!-- @AfterMethod afterMethod -->
  <testcase classname="ExecuteClasses.BaseClass" name="@BeforeMethod beforeMethod" time="-1.667568517341E9">
    <skipped/>
  </testcase> <!-- @BeforeMethod beforeMethod -->
  <testcase classname="ExecuteClasses.BaseClass" name="@AfterMethod afterMethod" time="-1.667568517342E9">
    <skipped/>
  </testcase> <!-- @AfterMethod afterMethod -->
  <testcase classname="ExecuteClasses.BaseClass" name="@BeforeMethod beforeMethod" time="-1.667568517343E9">
    <skipped/>
  </testcase> <!-- @BeforeMethod beforeMethod -->
  <testcase classname="ExecuteClasses.BaseClass" name="@AfterMethod afterMethod" time="-1.667568517344E9">
    <skipped/>
  </testcase> <!-- @AfterMethod afterMethod -->
  <testcase classname="ExecuteClasses.BaseClass" name="@BeforeMethod beforeMethod" time="-1.667568517345E9">
    <skipped/>
  </testcase> <!-- @BeforeMethod beforeMethod -->
  <testcase classname="ExecuteClasses.BaseClass" name="@AfterMethod afterMethod" time="-1.667568517347E9">
    <skipped/>
  </testcase> <!-- @AfterMethod afterMethod -->
  <testcase classname="ExecuteClasses.BaseClass" name="@BeforeMethod beforeMethod" time="0.003">
    <failure type="java.lang.IllegalStateException" message="The path to the driver executable The path to the driver executable must be set by the webdriver.gecko.driver system property; for more information, see https://github.com/mozilla/geckodriver. The latest version can be downloaded from https://github.com/mozilla/geckodriver/releases">
      <![CDATA[java.lang.IllegalStateException: The path to the driver executable The path to the driver executable must be set by the webdriver.gecko.driver system property; for more information, see https://github.com/mozilla/geckodriver. The latest version can be downloaded from https://github.com/mozilla/geckodriver/releases
at org.openqa.selenium.internal.Require$StateChecker.nonNull(Require.java:311)
at org.openqa.selenium.remote.service.DriverService.findExecutable(DriverService.java:135)
at org.openqa.selenium.firefox.GeckoDriverService.access$100(GeckoDriverService.java:45)
at org.openqa.selenium.firefox.GeckoDriverService$Builder.findDefaultExecutable(GeckoDriverService.java:181)
at org.openqa.selenium.remote.service.DriverService$Builder.build(DriverService.java:437)
at org.openqa.selenium.firefox.GeckoDriverService.createDefaultService(GeckoDriverService.java:94)
at org.openqa.selenium.firefox.FirefoxDriver.<init>(FirefoxDriver.java:98)
at org.openqa.selenium.firefox.FirefoxDriver.<init>(FirefoxDriver.java:94)
at ExecuteClasses.BaseClass.beforeMethod(BaseClass.java:48)
at java.base/java.util.ArrayList.forEach(ArrayList.java:1511)
at java.base/java.util.concurrent.FutureTask.run(FutureTask.java:264)
at java.base/java.util.concurrent.ThreadPoolExecutor.runWorker(ThreadPoolExecutor.java:1136)
at java.base/java.util.concurrent.ThreadPoolExecutor$Worker.run(ThreadPoolExecutor.java:635)
at java.base/java.lang.Thread.run(Thread.java:833)
... Removed 20 stack frames]]>
    </failure>
  </testcase> <!-- @BeforeMethod beforeMethod -->
  <testcase classname="ExecuteClasses.BaseClass" name="@AfterMethod afterMethod" time="-1.667568517359E9">
    <skipped/>
  </testcase> <!-- @AfterMethod afterMethod -->
  <testcase classname="ExecuteClasses.BaseClass" name="@BeforeMethod beforeMethod" time="-1.667568517361E9">
    <skipped/>
  </testcase> <!-- @BeforeMethod beforeMethod -->
  <testcase classname="ExecuteClasses.BaseClass" name="@AfterMethod afterMethod" time="-1.667568517362E9">
    <skipped/>
  </testcase> <!-- @AfterMethod afterMethod -->
  <testcase classname="ExecuteClasses.BaseClass" name="@BeforeMethod beforeMethod" time="-1.667568517363E9">
    <skipped/>
  </testcase> <!-- @BeforeMethod beforeMethod -->
  <testcase classname="ExecuteClasses.BaseClass" name="@AfterMethod afterMethod" time="-1.667568517365E9">
    <skipped/>
  </testcase> <!-- @AfterMethod afterMethod -->
  <testcase classname="ExecuteClasses.BaseClass" name="@BeforeMethod beforeMethod" time="-1.667568517365E9">
    <skipped/>
  </testcase> <!-- @BeforeMethod beforeMethod -->
  <testcase classname="ExecuteClasses.BaseClass" name="@AfterMethod afterMethod" time="-1.667568517367E9">
    <skipped/>
  </testcase> <!-- @AfterMethod afterMethod -->
  <testcase classname="ExecuteClasses.BaseClass" name="@BeforeMethod beforeMethod" time="-1.667568517368E9">
    <skipped/>
  </testcase> <!-- @BeforeMethod beforeMethod -->
  <testcase classname="ExecuteClasses.BaseClass" name="@AfterMethod afterMethod" time="-1.667568517369E9">
    <skipped/>
  </testcase> <!-- @AfterMethod afterMethod -->
  <testcase classname="ExecuteClasses.LoginPageTestClass" name="VerifyTheLogoIsDisplayedOrNot" time="0.0">
    <skipped/>
  </testcase> <!-- VerifyTheLogoIsDisplayedOrNot -->
  <testcase classname="ExecuteClasses.LoginPageTestClass" name="verifySuccessfullLogin" time="0.0">
    <skipped/>
  </testcase> <!-- verifySuccessfullLogin -->
  <testcase classname="ExecuteClasses.LoginPageTestClass" name="verifyUnsuccessfullLogin" time="0.0">
    <skipped/>
  </testcase> <!-- verifyUnsuccessfullLogin -->
  <testcase classname="ExecuteClasses.LoginPageTestClass" name="verifyUnsuccessfullLogin" time="0.0">
    <skipped/>
  </testcase> <!-- verifyUnsuccessfullLogin -->
  <testcase classname="ExecuteClasses.HomePageTestClass" name="verifyTheD4StoreIsDisplayedOrNot" time="0.0">
    <skipped/>
  </testcase> <!-- verifyTheD4StoreIsDisplayedOrNot -->
  <testcase classname="ExecuteClasses.HomePageTestClass" name="verifyTheLogoutButtonIsWorksFineOrNot" time="0.0">
    <skipped/>
  </testcase> <!-- verifyTheLogoutButtonIsWorksFineOrNot -->
  <testcase classname="ExecuteClasses.HomePageTestClass" name="verifyTheProductTabIsDisplayedOrNot" time="0.0">
    <skipped/>
  </testcase> <!-- verifyTheProductTabIsDisplayedOrNot -->
  <testcase classname="ExecuteClasses.ProductPageTestClass" name="verifyTheAddProductButtonIsVisibleOrNot" time="0.0">
    <skipped/>
  </testcase> <!-- verifyTheAddProductButtonIsVisibleOrNot -->
  <testcase classname="ExecuteClasses.ProductPageTestClass" name="verifyThePrintMenuIsDisplayedByClickingOnPrintMenu" time="0.0">
    <skipped/>
  </testcase> <!-- verifyThePrintMenuIsDisplayedByClickingOnPrintMenu -->
  <testcase classname="ExecuteClasses.ProductPageTestClass" name="verifyTheProductSearchByUsingCode" time="0.0">
    <skipped/>
  </testcase> <!-- verifyTheProductSearchByUsingCode -->
  <testcase classname="ExecuteClasses.ProductPageTestClass" name="verifyTheProductSearchByUsingName" time="0.0">
    <skipped/>
  </testcase> <!-- verifyTheProductSearchByUsingName -->
  <testcase classname="ExecuteClasses.ProductPageTestClass" name="verifyTheProductsPageIsVisibleByClickingProductTab" time="0.0">
    <skipped/>
  </testcase> <!-- verifyTheProductsPageIsVisibleByClickingProductTab -->
  <testcase classname="ExecuteClasses.StoresPageTestClass" name="createANewStore" time="0.0">
    <skipped/>
  </testcase> <!-- createANewStore -->
  <testcase classname="ExecuteClasses.StoresPageTestClass" name="verifyStoreNameSearchByUsingStoreName" time="0.0">
    <skipped/>
  </testcase> <!-- verifyStoreNameSearchByUsingStoreName -->
  <testcase classname="ExecuteClasses.StoresPageTestClass" name="verifyTheAddstoreButtonIsVisibleOrNot" time="0.0">
    <skipped/>
  </testcase> <!-- verifyTheAddstoreButtonIsVisibleOrNot -->
  <testcase classname="ExecuteClasses.StoresPageTestClass" name="verifyTheStorePageIsVisibleByClickingOnStoresTab" time="0.0">
    <skipped/>
  </testcase> <!-- verifyTheStorePageIsVisibleByClickingOnStoresTab -->
  <testcase classname="ExecuteClasses.WaiterPageTestClass" name="AddNewWaiter" time="0.0">
    <skipped/>
  </testcase> <!-- AddNewWaiter -->
  <testcase classname="ExecuteClasses.WaiterPageTestClass" name="verifySearchAWaiterByUSingName" time="0.0">
    <skipped/>
  </testcase> <!-- verifySearchAWaiterByUSingName -->
  <testcase classname="ExecuteClasses.WaiterPageTestClass" name="verifySearchAWaiterByUsingMobileNumber" time="0.0">
    <skipped/>
  </testcase> <!-- verifySearchAWaiterByUsingMobileNumber -->
  <testcase classname="ExecuteClasses.WaiterPageTestClass" name="verifyTheAddWaiterButtonIsVisibleOrNot" time="0.0">
    <skipped/>
  </testcase> <!-- verifyTheAddWaiterButtonIsVisibleOrNot -->
  <testcase classname="ExecuteClasses.WaiterPageTestClass" name="verifyTheWaiterPageIsVisibleByClickingOnPeopleWaiter" time="0.0">
    <skipped/>
  </testcase> <!-- verifyTheWaiterPageIsVisibleByClickingOnPeopleWaiter -->
</testsuite> <!-- Edge Browser Test -->
